DEB [20161116-12:59:44.942] thr=1   paramiko.transport: [chan 1] Max packet in: 34816 bytes
DEB [20161116-12:59:45.092] thr=2   paramiko.transport: [chan 1] Max packet out: 32768 bytes
INF [20161116-12:59:45.092] thr=2   paramiko.transport: Secsh channel 1 opened.
DEB [20161116-12:59:45.115] thr=2   paramiko.transport: [chan 1] Sesch channel 1 request ok
DEB [20161116-12:59:45.307] thr=2   paramiko.transport: [chan 1] EOF received (1)
DEB [20161116-12:59:45.307] thr=2   paramiko.transport: [chan 1] EOF sent (1)
DEB [20161116-12:59:45.408] thr=2   paramiko.transport: EOF in transport thread
DEB [20161116-12:59:58.842] thr=3   paramiko.transport: starting thread (client mode): 0x34032d10L
INF [20161116-12:59:58.851] thr=3   paramiko.transport: Connected (version 2.0, client OpenSSH_5.3)
DEB [20161116-12:59:58.852] thr=3   paramiko.transport: kex algos:['diffie-hellman-group-exchange-sha256', 'diffie-hellman-group-exchange-sha1', 'diffie-hellman-group14-sha1', 'diffie-hellman-group1-sha1'] server key:['ssh-rsa', 'ssh-dss'] client encrypt:['aes128-ctr', 'aes192-ctr', 'aes256-ctr', 'arcfour256', 'arcfour128', 'aes128-cbc', '3des-cbc', 'blowfish-cbc', 'cast128-cbc', 'aes192-cbc', 'aes256-cbc', 'arcfour', 'rijndael-cbc@lysator.liu.se'] server encrypt:['aes128-ctr', 'aes192-ctr', 'aes256-ctr', 'arcfour256', 'arcfour128', 'aes128-cbc', '3des-cbc', 'blowfish-cbc', 'cast128-cbc', 'aes192-cbc', 'aes256-cbc', 'arcfour', 'rijndael-cbc@lysator.liu.se'] client mac:['hmac-md5', 'hmac-sha1', 'umac-64@openssh.com', 'hmac-sha2-256', 'hmac-sha2-512', 'hmac-ripemd160', 'hmac-ripemd160@openssh.com', 'hmac-sha1-96', 'hmac-md5-96'] server mac:['hmac-md5', 'hmac-sha1', 'umac-64@openssh.com', 'hmac-sha2-256', 'hmac-sha2-512', 'hmac-ripemd160', 'hmac-ripemd160@openssh.com', 'hmac-sha1-96', 'hmac-md5-96'] client compress:['none', 'zlib@openssh.com'] server compress:['none', 'zlib@openssh.com'] client lang:[''] server lang:[''] kex follows?False
DEB [20161116-12:59:58.853] thr=3   paramiko.transport: Ciphers agreed: local=aes128-ctr, remote=aes128-ctr
DEB [20161116-12:59:58.853] thr=3   paramiko.transport: using kex diffie-hellman-group1-sha1; server key type ssh-rsa; cipher: local aes128-ctr, remote aes128-ctr; mac: local hmac-sha1, remote hmac-sha1; compression: local none, remote none
DEB [20161116-12:59:58.917] thr=3   paramiko.transport: Switch to new keys ...
DEB [20161116-12:59:58.919] thr=1   paramiko.transport: Adding ssh-rsa host key for 192.168.181.131: 34c30a5a948f5e27ac7c3a18b5eefb86
DEB [20161116-12:59:58.957] thr=3   paramiko.transport: userauth is OK
INF [20161116-12:59:58.979] thr=3   paramiko.transport: Authentication (password) successful!
DEB [20161116-12:59:58.989] thr=1   paramiko.transport: [chan 1] Max packet in: 34816 bytes
DEB [20161116-12:59:59.145] thr=3   paramiko.transport: [chan 1] Max packet out: 32768 bytes
INF [20161116-12:59:59.145] thr=3   paramiko.transport: Secsh channel 1 opened.
DEB [20161116-12:59:59.161] thr=3   paramiko.transport: [chan 1] Sesch channel 1 request ok
DEB [20161116-12:59:59.316] thr=3   paramiko.transport: [chan 1] EOF received (1)
DEB [20161116-12:59:59.318] thr=4   paramiko.transport: starting thread (client mode): 0x340325d0L
INF [20161116-12:59:59.335] thr=4   paramiko.transport: Connected (version 2.0, client OpenSSH_5.3)
DEB [20161116-12:59:59.337] thr=4   paramiko.transport: kex algos:['diffie-hellman-group-exchange-sha256', 'diffie-hellman-group-exchange-sha1', 'diffie-hellman-group14-sha1', 'diffie-hellman-group1-sha1'] server key:['ssh-rsa', 'ssh-dss'] client encrypt:['aes128-ctr', 'aes192-ctr', 'aes256-ctr', 'arcfour256', 'arcfour128', 'aes128-cbc', '3des-cbc', 'blowfish-cbc', 'cast128-cbc', 'aes192-cbc', 'aes256-cbc', 'arcfour', 'rijndael-cbc@lysator.liu.se'] server encrypt:['aes128-ctr', 'aes192-ctr', 'aes256-ctr', 'arcfour256', 'arcfour128', 'aes128-cbc', '3des-cbc', 'blowfish-cbc', 'cast128-cbc', 'aes192-cbc', 'aes256-cbc', 'arcfour', 'rijndael-cbc@lysator.liu.se'] client mac:['hmac-md5', 'hmac-sha1', 'umac-64@openssh.com', 'hmac-sha2-256', 'hmac-sha2-512', 'hmac-ripemd160', 'hmac-ripemd160@openssh.com', 'hmac-sha1-96', 'hmac-md5-96'] server mac:['hmac-md5', 'hmac-sha1', 'umac-64@openssh.com', 'hmac-sha2-256', 'hmac-sha2-512', 'hmac-ripemd160', 'hmac-ripemd160@openssh.com', 'hmac-sha1-96', 'hmac-md5-96'] client compress:['none', 'zlib@openssh.com'] server compress:['none', 'zlib@openssh.com'] client lang:[''] server lang:[''] kex follows?False
DEB [20161116-12:59:59.338] thr=4   paramiko.transport: Ciphers agreed: local=aes128-ctr, remote=aes128-ctr
DEB [20161116-12:59:59.338] thr=4   paramiko.transport: using kex diffie-hellman-group1-sha1; server key type ssh-rsa; cipher: local aes128-ctr, remote aes128-ctr; mac: local hmac-sha1, remote hmac-sha1; compression: local none, remote none
DEB [20161116-12:59:59.378] thr=4   paramiko.transport: Switch to new keys ...
DEB [20161116-12:59:59.388] thr=1   paramiko.transport: Adding ssh-rsa host key for 192.168.181.132: 34c30a5a948f5e27ac7c3a18b5eefb86
DEB [20161116-12:59:59.419] thr=4   paramiko.transport: userauth is OK
INF [20161116-12:59:59.446] thr=4   paramiko.transport: Authentication (password) successful!
DEB [20161116-12:59:59.457] thr=1   paramiko.transport: [chan 1] Max packet in: 34816 bytes
DEB [20161116-12:59:59.585] thr=4   paramiko.transport: [chan 1] Max packet out: 32768 bytes
INF [20161116-12:59:59.585] thr=4   paramiko.transport: Secsh channel 1 opened.
DEB [20161116-12:59:59.596] thr=4   paramiko.transport: [chan 1] Sesch channel 1 request ok
DEB [20161116-12:59:59.790] thr=4   paramiko.transport: [chan 1] EOF received (1)
